# JRE version: OpenJDK Runtime Environment (8.0_202-b03) (build 1.8.0_202-release-1483-b03)
# Java VM: OpenJDK 64-Bit Server VM (25.202-b03 mixed mode windows-amd64 compressed oops)
Heap:
 PSYoungGen      total 132096K, used 100574K [0x00000000d6f80000, 0x00000000e1480000, 0x0000000100000000)
  eden space 126976K, 79% used [0x00000000d6f80000,0x00000000dd1b79a0,0x00000000deb80000)
  from space 5120K, 0% used [0x00000000deb80000,0x00000000deb80000,0x00000000df080000)
  to   space 16896K, 0% used [0x00000000e0400000,0x00000000e0400000,0x00000000e1480000)
 ParOldGen       total 112128K, used 21155K [0x0000000084e00000, 0x000000008bb80000, 0x00000000d6f80000)
  object space 112128K, 18% used [0x0000000084e00000,0x00000000862a8eb8,0x000000008bb80000)
 Metaspace       used 42036K, capacity 42803K, committed 43056K, reserved 1087488K
  class space    used 5181K, capacity 5378K, committed 5424K, reserved 1048576K
GC Heap History (10 events):
Event: 1.263 GC heap before
{Heap before GC invocations=3 (full 0):
 PSYoungGen      total 68608K, used 25842K [0x00000000d6f80000, 0x00000000db780000, 0x0000000100000000)
  eden space 63488K, 32% used [0x00000000d6f80000,0x00000000d83bfe60,0x00000000dad80000)
  from space 5120K, 99% used [0x00000000db280000,0x00000000db77cb08,0x00000000db780000)
  to   space 5120K, 0% used [0x00000000dad80000,0x00000000dad80000,0x00000000db280000)
 ParOldGen       total 84992K, used 7252K [0x0000000084e00000, 0x000000008a100000, 0x00000000d6f80000)
  object space 84992K, 8% used [0x0000000084e00000,0x00000000855151d8,0x000000008a100000)
 Metaspace       used 20720K, capacity 21162K, committed 21296K, reserved 1069056K
  class space    used 2461K, capacity 2589K, committed 2608K, reserved 1048576K
Event: 1.272 GC heap after
Heap after GC invocations=3 (full 0):
 PSYoungGen      total 68608K, used 5094K [0x00000000d6f80000, 0x00000000df580000, 0x0000000100000000)
  eden space 63488K, 0% used [0x00000000d6f80000,0x00000000d6f80000,0x00000000dad80000)
  from space 5120K, 99% used [0x00000000dad80000,0x00000000db279b18,0x00000000db280000)
  to   space 5120K, 0% used [0x00000000df080000,0x00000000df080000,0x00000000df580000)
 ParOldGen       total 84992K, used 11800K [0x0000000084e00000, 0x000000008a100000, 0x00000000d6f80000)
  object space 84992K, 13% used [0x0000000084e00000,0x0000000085986050,0x000000008a100000)
 Metaspace       used 20720K, capacity 21162K, committed 21296K, reserved 1069056K
  class space    used 2461K, capacity 2589K, committed 2608K, reserved 1048576K
}
Event: 1.272 GC heap before
{Heap before GC invocations=4 (full 1):
 PSYoungGen      total 68608K, used 5094K [0x00000000d6f80000, 0x00000000df580000, 0x0000000100000000)
  eden space 63488K, 0% used [0x00000000d6f80000,0x00000000d6f80000,0x00000000dad80000)
  from space 5120K, 99% used [0x00000000dad80000,0x00000000db279b18,0x00000000db280000)
  to   space 5120K, 0% used [0x00000000df080000,0x00000000df080000,0x00000000df580000)
 ParOldGen       total 84992K, used 11800K [0x0000000084e00000, 0x000000008a100000, 0x00000000d6f80000)
  object space 84992K, 13% used [0x0000000084e00000,0x0000000085986050,0x000000008a100000)
 Metaspace       used 20720K, capacity 21162K, committed 21296K, reserved 1069056K
  class space    used 2461K, capacity 2589K, committed 2608K, reserved 1048576K
Event: 1.301 GC heap after
Heap after GC invocations=4 (full 1):
 PSYoungGen      total 68608K, used 0K [0x00000000d6f80000, 0x00000000df580000, 0x0000000100000000)
  eden space 63488K, 0% used [0x00000000d6f80000,0x00000000d6f80000,0x00000000dad80000)
  from space 5120K, 0% used [0x00000000dad80000,0x00000000dad80000,0x00000000db280000)
  to   space 5120K, 0% used [0x00000000df080000,0x00000000df080000,0x00000000df580000)
 ParOldGen       total 64000K, used 9435K [0x0000000084e00000, 0x0000000088c80000, 0x00000000d6f80000)
  object space 64000K, 14% used [0x0000000084e00000,0x0000000085736f90,0x0000000088c80000)
 Metaspace       used 20720K, capacity 21162K, committed 21296K, reserved 1069056K
  class space    used 2461K, capacity 2589K, committed 2608K, reserved 1048576K
}
Event: 2.417 GC heap before
{Heap before GC invocations=5 (full 1):
 PSYoungGen      total 68608K, used 63488K [0x00000000d6f80000, 0x00000000df580000, 0x0000000100000000)
  eden space 63488K, 100% used [0x00000000d6f80000,0x00000000dad80000,0x00000000dad80000)
  from space 5120K, 0% used [0x00000000dad80000,0x00000000dad80000,0x00000000db280000)
  to   space 5120K, 0% used [0x00000000df080000,0x00000000df080000,0x00000000df580000)
 ParOldGen       total 64000K, used 9435K [0x0000000084e00000, 0x0000000088c80000, 0x00000000d6f80000)
  object space 64000K, 14% used [0x0000000084e00000,0x0000000085736f90,0x0000000088c80000)
 Metaspace       used 28914K, capacity 29347K, committed 29616K, reserved 1075200K
  class space    used 3488K, capacity 3634K, committed 3760K, reserved 1048576K
Event: 2.433 GC heap after
Heap after GC invocations=5 (full 1):
 PSYoungGen      total 97792K, used 5090K [0x00000000d6f80000, 0x00000000df580000, 0x0000000100000000)
  eden space 92672K, 0% used [0x00000000d6f80000,0x00000000d6f80000,0x00000000dca00000)
  from space 5120K, 99% used [0x00000000df080000,0x00000000df578918,0x00000000df580000)
  to   space 5120K, 0% used [0x00000000deb80000,0x00000000deb80000,0x00000000df080000)
 ParOldGen       total 64000K, used 19660K [0x0000000084e00000, 0x0000000088c80000, 0x00000000d6f80000)
  object space 64000K, 30% used [0x0000000084e00000,0x0000000086133048,0x0000000088c80000)
 Metaspace       used 28914K, capacity 29347K, committed 29616K, reserved 1075200K
  class space    used 3488K, capacity 3634K, committed 3760K, reserved 1048576K
}
Event: 3.085 GC heap before
{Heap before GC invocations=6 (full 1):
 PSYoungGen      total 97792K, used 38748K [0x00000000d6f80000, 0x00000000df580000, 0x0000000100000000)
  eden space 92672K, 36% used [0x00000000d6f80000,0x00000000d905e750,0x00000000dca00000)
  from space 5120K, 99% used [0x00000000df080000,0x00000000df578918,0x00000000df580000)
  to   space 5120K, 0% used [0x00000000deb80000,0x00000000deb80000,0x00000000df080000)
 ParOldGen       total 64000K, used 19660K [0x0000000084e00000, 0x0000000088c80000, 0x00000000d6f80000)
  object space 64000K, 30% used [0x0000000084e00000,0x0000000086133048,0x0000000088c80000)
 Metaspace       used 34755K, capacity 35243K, committed 35496K, reserved 1081344K
  class space    used 4400K, capacity 4582K, committed 4656K, reserved 1048576K
Event: 3.098 GC heap after
Heap after GC invocations=6 (full 1):
 PSYoungGen      total 132096K, used 5117K [0x00000000d6f80000, 0x00000000e1480000, 0x0000000100000000)
  eden space 126976K, 0% used [0x00000000d6f80000,0x00000000d6f80000,0x00000000deb80000)
  from space 5120K, 99% used [0x00000000deb80000,0x00000000df07f458,0x00000000df080000)
  to   space 16896K, 0% used [0x00000000e0400000,0x00000000e0400000,0x00000000e1480000)
 ParOldGen       total 64000K, used 28102K [0x0000000084e00000, 0x0000000088c80000, 0x00000000d6f80000)
  object space 64000K, 43% used [0x0000000084e00000,0x0000000086971b00,0x0000000088c80000)
 Metaspace       used 34755K, capacity 35243K, committed 35496K, reserved 1081344K
  class space    used 4400K, capacity 4582K, committed 4656K, reserved 1048576K
}
Event: 3.098 GC heap before
{Heap before GC invocations=7 (full 2):
 PSYoungGen      total 132096K, used 5117K [0x00000000d6f80000, 0x00000000e1480000, 0x0000000100000000)
  eden space 126976K, 0% used [0x00000000d6f80000,0x00000000d6f80000,0x00000000deb80000)
  from space 5120K, 99% used [0x00000000deb80000,0x00000000df07f458,0x00000000df080000)
  to   space 16896K, 0% used [0x00000000e0400000,0x00000000e0400000,0x00000000e1480000)
 ParOldGen       total 64000K, used 28102K [0x0000000084e00000, 0x0000000088c80000, 0x00000000d6f80000)
  object space 64000K, 43% used [0x0000000084e00000,0x0000000086971b00,0x0000000088c80000)
 Metaspace       used 34755K, capacity 35243K, committed 35496K, reserved 1081344K
  class space    used 4400K, capacity 4582K, committed 4656K, reserved 1048576K
Event: 3.172 GC heap after
Heap after GC invocations=7 (full 2):
 PSYoungGen      total 132096K, used 0K [0x00000000d6f80000, 0x00000000e1480000, 0x0000000100000000)
  eden space 126976K, 0% used [0x00000000d6f80000,0x00000000d6f80000,0x00000000deb80000)
  from space 5120K, 0% used [0x00000000deb80000,0x00000000deb80000,0x00000000df080000)
  to   space 16896K, 0% used [0x00000000e0400000,0x00000000e0400000,0x00000000e1480000)
 ParOldGen       total 112128K, used 21155K [0x0000000084e00000, 0x000000008bb80000, 0x00000000d6f80000)
  object space 112128K, 18% used [0x0000000084e00000,0x00000000862a8eb8,0x000000008bb80000)
 Metaspace       used 34755K, capacity 35243K, committed 35496K, reserved 1081344K
  class space    used 4400K, capacity 4582K, committed 4656K, reserved 1048576K
}

