# JRE version: OpenJDK Runtime Environment (8.0_202-b03) (build 1.8.0_202-release-1483-b03)
# Java VM: OpenJDK 64-Bit Server VM (25.202-b03 mixed mode windows-amd64 compressed oops)
Heap:
 PSYoungGen      total 132096K, used 96590K [0x00000000d6f80000, 0x00000000e0e80000, 0x0000000100000000)
  eden space 126976K, 76% used [0x00000000d6f80000,0x00000000dcdd38c0,0x00000000deb80000)
  from space 5120K, 0% used [0x00000000deb80000,0x00000000deb80000,0x00000000df080000)
  to   space 16896K, 0% used [0x00000000dfe00000,0x00000000dfe00000,0x00000000e0e80000)
 ParOldGen       total 115712K, used 21195K [0x0000000084e00000, 0x000000008bf00000, 0x00000000d6f80000)
  object space 115712K, 18% used [0x0000000084e00000,0x00000000862b2c70,0x000000008bf00000)
 Metaspace       used 42144K, capacity 42871K, committed 43056K, reserved 1087488K
  class space    used 5192K, capacity 5378K, committed 5424K, reserved 1048576K
GC Heap History (10 events):
Event: 1.335 GC heap before
{Heap before GC invocations=3 (full 0):
 PSYoungGen      total 68608K, used 25764K [0x00000000d6f80000, 0x00000000db780000, 0x0000000100000000)
  eden space 63488K, 32% used [0x00000000d6f80000,0x00000000d83ae8c0,0x00000000dad80000)
  from space 5120K, 99% used [0x00000000db280000,0x00000000db77a790,0x00000000db780000)
  to   space 5120K, 0% used [0x00000000dad80000,0x00000000dad80000,0x00000000db280000)
 ParOldGen       total 84992K, used 7240K [0x0000000084e00000, 0x000000008a100000, 0x00000000d6f80000)
  object space 84992K, 8% used [0x0000000084e00000,0x0000000085512048,0x000000008a100000)
 Metaspace       used 20743K, capacity 21162K, committed 21296K, reserved 1069056K
  class space    used 2461K, capacity 2589K, committed 2608K, reserved 1048576K
Event: 1.343 GC heap after
Heap after GC invocations=3 (full 0):
 PSYoungGen      total 68608K, used 5110K [0x00000000d6f80000, 0x00000000df580000, 0x0000000100000000)
  eden space 63488K, 0% used [0x00000000d6f80000,0x00000000d6f80000,0x00000000dad80000)
  from space 5120K, 99% used [0x00000000dad80000,0x00000000db27db18,0x00000000db280000)
  to   space 5120K, 0% used [0x00000000df080000,0x00000000df080000,0x00000000df580000)
 ParOldGen       total 84992K, used 11780K [0x0000000084e00000, 0x000000008a100000, 0x00000000d6f80000)
  object space 84992K, 13% used [0x0000000084e00000,0x00000000859810a0,0x000000008a100000)
 Metaspace       used 20743K, capacity 21162K, committed 21296K, reserved 1069056K
  class space    used 2461K, capacity 2589K, committed 2608K, reserved 1048576K
}
Event: 1.343 GC heap before
{Heap before GC invocations=4 (full 1):
 PSYoungGen      total 68608K, used 5110K [0x00000000d6f80000, 0x00000000df580000, 0x0000000100000000)
  eden space 63488K, 0% used [0x00000000d6f80000,0x00000000d6f80000,0x00000000dad80000)
  from space 5120K, 99% used [0x00000000dad80000,0x00000000db27db18,0x00000000db280000)
  to   space 5120K, 0% used [0x00000000df080000,0x00000000df080000,0x00000000df580000)
 ParOldGen       total 84992K, used 11780K [0x0000000084e00000, 0x000000008a100000, 0x00000000d6f80000)
  object space 84992K, 13% used [0x0000000084e00000,0x00000000859810a0,0x000000008a100000)
 Metaspace       used 20743K, capacity 21162K, committed 21296K, reserved 1069056K
  class space    used 2461K, capacity 2589K, committed 2608K, reserved 1048576K
Event: 1.375 GC heap after
Heap after GC invocations=4 (full 1):
 PSYoungGen      total 68608K, used 0K [0x00000000d6f80000, 0x00000000df580000, 0x0000000100000000)
  eden space 63488K, 0% used [0x00000000d6f80000,0x00000000d6f80000,0x00000000dad80000)
  from space 5120K, 0% used [0x00000000dad80000,0x00000000dad80000,0x00000000db280000)
  to   space 5120K, 0% used [0x00000000df080000,0x00000000df080000,0x00000000df580000)
 ParOldGen       total 65024K, used 9445K [0x0000000084e00000, 0x0000000088d80000, 0x00000000d6f80000)
  object space 65024K, 14% used [0x0000000084e00000,0x00000000857395e8,0x0000000088d80000)
 Metaspace       used 20743K, capacity 21162K, committed 21296K, reserved 1069056K
  class space    used 2461K, capacity 2589K, committed 2608K, reserved 1048576K
}
Event: 2.318 GC heap before
{Heap before GC invocations=5 (full 1):
 PSYoungGen      total 68608K, used 63488K [0x00000000d6f80000, 0x00000000df580000, 0x0000000100000000)
  eden space 63488K, 100% used [0x00000000d6f80000,0x00000000dad80000,0x00000000dad80000)
  from space 5120K, 0% used [0x00000000dad80000,0x00000000dad80000,0x00000000db280000)
  to   space 5120K, 0% used [0x00000000df080000,0x00000000df080000,0x00000000df580000)
 ParOldGen       total 65024K, used 9445K [0x0000000084e00000, 0x0000000088d80000, 0x00000000d6f80000)
  object space 65024K, 14% used [0x0000000084e00000,0x00000000857395e8,0x0000000088d80000)
 Metaspace       used 28865K, capacity 29313K, committed 29616K, reserved 1075200K
  class space    used 3508K, capacity 3666K, committed 3760K, reserved 1048576K
Event: 2.331 GC heap after
Heap after GC invocations=5 (full 1):
 PSYoungGen      total 95744K, used 5090K [0x00000000d6f80000, 0x00000000df580000, 0x0000000100000000)
  eden space 90624K, 0% used [0x00000000d6f80000,0x00000000d6f80000,0x00000000dc800000)
  from space 5120K, 99% used [0x00000000df080000,0x00000000df578918,0x00000000df580000)
  to   space 5120K, 0% used [0x00000000deb80000,0x00000000deb80000,0x00000000df080000)
 ParOldGen       total 65024K, used 19675K [0x0000000084e00000, 0x0000000088d80000, 0x00000000d6f80000)
  object space 65024K, 30% used [0x0000000084e00000,0x0000000086136ef0,0x0000000088d80000)
 Metaspace       used 28865K, capacity 29313K, committed 29616K, reserved 1075200K
  class space    used 3508K, capacity 3666K, committed 3760K, reserved 1048576K
}
Event: 2.955 GC heap before
{Heap before GC invocations=6 (full 1):
 PSYoungGen      total 95744K, used 41587K [0x00000000d6f80000, 0x00000000df580000, 0x0000000100000000)
  eden space 90624K, 40% used [0x00000000d6f80000,0x00000000d9324610,0x00000000dc800000)
  from space 5120K, 99% used [0x00000000df080000,0x00000000df578918,0x00000000df580000)
  to   space 5120K, 0% used [0x00000000deb80000,0x00000000deb80000,0x00000000df080000)
 ParOldGen       total 65024K, used 19675K [0x0000000084e00000, 0x0000000088d80000, 0x00000000d6f80000)
  object space 65024K, 30% used [0x0000000084e00000,0x0000000086136ef0,0x0000000088d80000)
 Metaspace       used 34754K, capacity 35247K, committed 35496K, reserved 1081344K
  class space    used 4402K, capacity 4582K, committed 4656K, reserved 1048576K
Event: 2.966 GC heap after
Heap after GC invocations=6 (full 1):
 PSYoungGen      total 132096K, used 5099K [0x00000000d6f80000, 0x00000000e0e80000, 0x0000000100000000)
  eden space 126976K, 0% used [0x00000000d6f80000,0x00000000d6f80000,0x00000000deb80000)
  from space 5120K, 99% used [0x00000000deb80000,0x00000000df07ad90,0x00000000df080000)
  to   space 16896K, 0% used [0x00000000dfe00000,0x00000000dfe00000,0x00000000e0e80000)
 ParOldGen       total 65024K, used 28139K [0x0000000084e00000, 0x0000000088d80000, 0x00000000d6f80000)
  object space 65024K, 43% used [0x0000000084e00000,0x000000008697ace8,0x0000000088d80000)
 Metaspace       used 34754K, capacity 35247K, committed 35496K, reserved 1081344K
  class space    used 4402K, capacity 4582K, committed 4656K, reserved 1048576K
}
Event: 2.966 GC heap before
{Heap before GC invocations=7 (full 2):
 PSYoungGen      total 132096K, used 5099K [0x00000000d6f80000, 0x00000000e0e80000, 0x0000000100000000)
  eden space 126976K, 0% used [0x00000000d6f80000,0x00000000d6f80000,0x00000000deb80000)
  from space 5120K, 99% used [0x00000000deb80000,0x00000000df07ad90,0x00000000df080000)
  to   space 16896K, 0% used [0x00000000dfe00000,0x00000000dfe00000,0x00000000e0e80000)
 ParOldGen       total 65024K, used 28139K [0x0000000084e00000, 0x0000000088d80000, 0x00000000d6f80000)
  object space 65024K, 43% used [0x0000000084e00000,0x000000008697ace8,0x0000000088d80000)
 Metaspace       used 34754K, capacity 35247K, committed 35496K, reserved 1081344K
  class space    used 4402K, capacity 4582K, committed 4656K, reserved 1048576K
Event: 3.038 GC heap after
Heap after GC invocations=7 (full 2):
 PSYoungGen      total 132096K, used 0K [0x00000000d6f80000, 0x00000000e0e80000, 0x0000000100000000)
  eden space 126976K, 0% used [0x00000000d6f80000,0x00000000d6f80000,0x00000000deb80000)
  from space 5120K, 0% used [0x00000000deb80000,0x00000000deb80000,0x00000000df080000)
  to   space 16896K, 0% used [0x00000000dfe00000,0x00000000dfe00000,0x00000000e0e80000)
 ParOldGen       total 115712K, used 21195K [0x0000000084e00000, 0x000000008bf00000, 0x00000000d6f80000)
  object space 115712K, 18% used [0x0000000084e00000,0x00000000862b2c70,0x000000008bf00000)
 Metaspace       used 34754K, capacity 35247K, committed 35496K, reserved 1081344K
  class space    used 4402K, capacity 4582K, committed 4656K, reserved 1048576K
}

