# JRE version: OpenJDK Runtime Environment (8.0_202-b03) (build 1.8.0_202-release-1483-b03)
# Java VM: OpenJDK 64-Bit Server VM (25.202-b03 mixed mode windows-amd64 compressed oops)
Heap:
 PSYoungGen      total 122880K, used 57364K [0x00000000d6f80000, 0x00000000e0380000, 0x0000000100000000)
  eden space 99328K, 57% used [0x00000000d6f80000,0x00000000da785138,0x00000000dd080000)
  from space 23552K, 0% used [0x00000000dd080000,0x00000000dd080000,0x00000000de780000)
  to   space 17920K, 0% used [0x00000000de780000,0x00000000de780000,0x00000000df900000)
 ParOldGen       total 105472K, used 79461K [0x0000000084e00000, 0x000000008b500000, 0x00000000d6f80000)
  object space 105472K, 75% used [0x0000000084e00000,0x0000000089b99790,0x000000008b500000)
 Metaspace       used 56317K, capacity 57391K, committed 57520K, reserved 1099776K
  class space    used 6760K, capacity 7048K, committed 7088K, reserved 1048576K
GC Heap History (10 events):
Event: 6.558 GC heap before
{Heap before GC invocations=10 (full 2):
 PSYoungGen      total 91648K, used 91633K [0x00000000d6f80000, 0x00000000df900000, 0x0000000100000000)
  eden space 76288K, 100% used [0x00000000d6f80000,0x00000000dba00000,0x00000000dba00000)
  from space 15360K, 99% used [0x00000000dba00000,0x00000000dc8fc5a0,0x00000000dc900000)
  to   space 17920K, 0% used [0x00000000de780000,0x00000000de780000,0x00000000df900000)
 ParOldGen       total 105472K, used 19501K [0x0000000084e00000, 0x000000008b500000, 0x00000000d6f80000)
  object space 105472K, 18% used [0x0000000084e00000,0x000000008610b7b0,0x000000008b500000)
 Metaspace       used 43925K, capacity 44707K, committed 44976K, reserved 1089536K
  class space    used 5286K, capacity 5490K, committed 5552K, reserved 1048576K
Event: 6.578 GC heap after
Heap after GC invocations=10 (full 2):
 PSYoungGen      total 117248K, used 17917K [0x00000000d6f80000, 0x00000000e0380000, 0x0000000100000000)
  eden space 99328K, 0% used [0x00000000d6f80000,0x00000000d6f80000,0x00000000dd080000)
  from space 17920K, 99% used [0x00000000de780000,0x00000000df8ff610,0x00000000df900000)
  to   space 23552K, 0% used [0x00000000dd080000,0x00000000dd080000,0x00000000de780000)
 ParOldGen       total 105472K, used 26621K [0x0000000084e00000, 0x000000008b500000, 0x00000000d6f80000)
  object space 105472K, 25% used [0x0000000084e00000,0x00000000867ff6a0,0x000000008b500000)
 Metaspace       used 43925K, capacity 44707K, committed 44976K, reserved 1089536K
  class space    used 5286K, capacity 5490K, committed 5552K, reserved 1048576K
}
Event: 8.129 GC heap before
{Heap before GC invocations=11 (full 2):
 PSYoungGen      total 117248K, used 117245K [0x00000000d6f80000, 0x00000000e0380000, 0x0000000100000000)
  eden space 99328K, 100% used [0x00000000d6f80000,0x00000000dd080000,0x00000000dd080000)
  from space 17920K, 99% used [0x00000000de780000,0x00000000df8ff610,0x00000000df900000)
  to   space 23552K, 0% used [0x00000000dd080000,0x00000000dd080000,0x00000000de780000)
 ParOldGen       total 105472K, used 26621K [0x0000000084e00000, 0x000000008b500000, 0x00000000d6f80000)
  object space 105472K, 25% used [0x0000000084e00000,0x00000000867ff6a0,0x000000008b500000)
 Metaspace       used 48913K, capacity 49821K, committed 49968K, reserved 1093632K
  class space    used 5924K, capacity 6145K, committed 6192K, reserved 1048576K
Event: 8.170 GC heap after
Heap after GC invocations=11 (full 2):
 PSYoungGen      total 122880K, used 23547K [0x00000000d6f80000, 0x00000000e0380000, 0x0000000100000000)
  eden space 99328K, 0% used [0x00000000d6f80000,0x00000000d6f80000,0x00000000dd080000)
  from space 23552K, 99% used [0x00000000dd080000,0x00000000de77ef30,0x00000000de780000)
  to   space 17920K, 0% used [0x00000000de780000,0x00000000de780000,0x00000000df900000)
 ParOldGen       total 105472K, used 37266K [0x0000000084e00000, 0x000000008b500000, 0x00000000d6f80000)
  object space 105472K, 35% used [0x0000000084e00000,0x0000000087264970,0x000000008b500000)
 Metaspace       used 48913K, capacity 49821K, committed 49968K, reserved 1093632K
  class space    used 5924K, capacity 6145K, committed 6192K, reserved 1048576K
}
Event: 10.056 GC heap before
{Heap before GC invocations=12 (full 2):
 PSYoungGen      total 122880K, used 122875K [0x00000000d6f80000, 0x00000000e0380000, 0x0000000100000000)
  eden space 99328K, 100% used [0x00000000d6f80000,0x00000000dd080000,0x00000000dd080000)
  from space 23552K, 99% used [0x00000000dd080000,0x00000000de77ef30,0x00000000de780000)
  to   space 17920K, 0% used [0x00000000de780000,0x00000000de780000,0x00000000df900000)
 ParOldGen       total 105472K, used 37266K [0x0000000084e00000, 0x000000008b500000, 0x00000000d6f80000)
  object space 105472K, 35% used [0x0000000084e00000,0x0000000087264970,0x000000008b500000)
 Metaspace       used 54826K, capacity 55855K, committed 56240K, reserved 1097728K
  class space    used 6699K, capacity 7000K, committed 7088K, reserved 1048576K
Event: 10.102 GC heap after
Heap after GC invocations=12 (full 2):
 PSYoungGen      total 117248K, used 17899K [0x00000000d6f80000, 0x00000000e0380000, 0x0000000100000000)
  eden space 99328K, 0% used [0x00000000d6f80000,0x00000000d6f80000,0x00000000dd080000)
  from space 17920K, 99% used [0x00000000de780000,0x00000000df8fac28,0x00000000df900000)
  to   space 23552K, 0% used [0x00000000dd080000,0x00000000dd080000,0x00000000de780000)
 ParOldGen       total 105472K, used 65340K [0x0000000084e00000, 0x000000008b500000, 0x00000000d6f80000)
  object space 105472K, 61% used [0x0000000084e00000,0x0000000088dcf038,0x000000008b500000)
 Metaspace       used 54826K, capacity 55855K, committed 56240K, reserved 1097728K
  class space    used 6699K, capacity 7000K, committed 7088K, reserved 1048576K
}
Event: 12.447 GC heap before
{Heap before GC invocations=13 (full 2):
 PSYoungGen      total 117248K, used 117227K [0x00000000d6f80000, 0x00000000e0380000, 0x0000000100000000)
  eden space 99328K, 100% used [0x00000000d6f80000,0x00000000dd080000,0x00000000dd080000)
  from space 17920K, 99% used [0x00000000de780000,0x00000000df8fac28,0x00000000df900000)
  to   space 23552K, 0% used [0x00000000dd080000,0x00000000dd080000,0x00000000de780000)
 ParOldGen       total 105472K, used 65340K [0x0000000084e00000, 0x000000008b500000, 0x00000000d6f80000)
  object space 105472K, 61% used [0x0000000084e00000,0x0000000088dcf038,0x000000008b500000)
 Metaspace       used 55999K, capacity 57101K, committed 57264K, reserved 1099776K
  class space    used 6746K, capacity 7041K, committed 7088K, reserved 1048576K
Event: 12.470 GC heap after
Heap after GC invocations=13 (full 2):
 PSYoungGen      total 122880K, used 10961K [0x00000000d6f80000, 0x00000000e0380000, 0x0000000100000000)
  eden space 99328K, 0% used [0x00000000d6f80000,0x00000000d6f80000,0x00000000dd080000)
  from space 23552K, 46% used [0x00000000dd080000,0x00000000ddb34748,0x00000000de780000)
  to   space 17920K, 0% used [0x00000000de780000,0x00000000de780000,0x00000000df900000)
 ParOldGen       total 105472K, used 83234K [0x0000000084e00000, 0x000000008b500000, 0x00000000d6f80000)
  object space 105472K, 78% used [0x0000000084e00000,0x0000000089f48b18,0x000000008b500000)
 Metaspace       used 55999K, capacity 57101K, committed 57264K, reserved 1099776K
  class space    used 6746K, capacity 7041K, committed 7088K, reserved 1048576K
}
Event: 12.470 GC heap before
{Heap before GC invocations=14 (full 3):
 PSYoungGen      total 122880K, used 10961K [0x00000000d6f80000, 0x00000000e0380000, 0x0000000100000000)
  eden space 99328K, 0% used [0x00000000d6f80000,0x00000000d6f80000,0x00000000dd080000)
  from space 23552K, 46% used [0x00000000dd080000,0x00000000ddb34748,0x00000000de780000)
  to   space 17920K, 0% used [0x00000000de780000,0x00000000de780000,0x00000000df900000)
 ParOldGen       total 105472K, used 83234K [0x0000000084e00000, 0x000000008b500000, 0x00000000d6f80000)
  object space 105472K, 78% used [0x0000000084e00000,0x0000000089f48b18,0x000000008b500000)
 Metaspace       used 55999K, capacity 57101K, committed 57264K, reserved 1099776K
  class space    used 6746K, capacity 7041K, committed 7088K, reserved 1048576K
Event: 12.788 GC heap after
Heap after GC invocations=14 (full 3):
 PSYoungGen      total 122880K, used 0K [0x00000000d6f80000, 0x00000000e0380000, 0x0000000100000000)
  eden space 99328K, 0% used [0x00000000d6f80000,0x00000000d6f80000,0x00000000dd080000)
  from space 23552K, 0% used [0x00000000dd080000,0x00000000dd080000,0x00000000de780000)
  to   space 17920K, 0% used [0x00000000de780000,0x00000000de780000,0x00000000df900000)
 ParOldGen       total 105472K, used 79461K [0x0000000084e00000, 0x000000008b500000, 0x00000000d6f80000)
  object space 105472K, 75% used [0x0000000084e00000,0x0000000089b99790,0x000000008b500000)
 Metaspace       used 55999K, capacity 57101K, committed 57264K, reserved 1099776K
  class space    used 6746K, capacity 7041K, committed 7088K, reserved 1048576K
}

