# JRE version: OpenJDK Runtime Environment (8.0_202-b03) (build 1.8.0_202-release-1483-b03)
# Java VM: OpenJDK 64-Bit Server VM (25.202-b03 mixed mode windows-amd64 compressed oops)
Heap:
 PSYoungGen      total 342016K, used 259233K [0x00000000e0000000, 0x00000000fb680000, 0x0000000100000000)
  eden space 306176K, 76% used [0x00000000e0000000,0x00000000ee3fd3e0,0x00000000f2b00000)
  from space 35840K, 71% used [0x00000000f2b00000,0x00000000f442b3b8,0x00000000f4e00000)
  to   space 37888K, 0% used [0x00000000f9180000,0x00000000f9180000,0x00000000fb680000)
 ParOldGen       total 140800K, used 74530K [0x00000000a0000000, 0x00000000a8980000, 0x00000000e0000000)
  object space 140800K, 52% used [0x00000000a0000000,0x00000000a48c88c0,0x00000000a8980000)
 Metaspace       used 77061K, capacity 80420K, committed 80536K, reserved 1118208K
  class space    used 10160K, capacity 10897K, committed 10920K, reserved 1048576K
GC Heap History (10 events):
Event: 9.386 GC heap before
{Heap before GC invocations=14 (full 3):
 PSYoungGen      total 203776K, used 1323K [0x00000000e0000000, 0x00000000f2580000, 0x0000000100000000)
  eden space 181248K, 0% used [0x00000000e0000000,0x00000000e0000000,0x00000000eb100000)
  from space 22528K, 5% used [0x00000000eb100000,0x00000000eb24ad78,0x00000000ec700000)
  to   space 23040K, 0% used [0x00000000f0f00000,0x00000000f0f00000,0x00000000f2580000)
 ParOldGen       total 95232K, used 46687K [0x00000000a0000000, 0x00000000a5d00000, 0x00000000e0000000)
  object space 95232K, 49% used [0x00000000a0000000,0x00000000a2d97e70,0x00000000a5d00000)
 Metaspace       used 57405K, capacity 59146K, committed 59160K, reserved 1099776K
  class space    used 7776K, capacity 8219K, committed 8232K, reserved 1048576K
Event: 9.627 GC heap after
Heap after GC invocations=14 (full 3):
 PSYoungGen      total 203776K, used 0K [0x00000000e0000000, 0x00000000f2580000, 0x0000000100000000)
  eden space 181248K, 0% used [0x00000000e0000000,0x00000000e0000000,0x00000000eb100000)
  from space 22528K, 0% used [0x00000000eb100000,0x00000000eb100000,0x00000000ec700000)
  to   space 23040K, 0% used [0x00000000f0f00000,0x00000000f0f00000,0x00000000f2580000)
 ParOldGen       total 140800K, used 34643K [0x00000000a0000000, 0x00000000a8980000, 0x00000000e0000000)
  object space 140800K, 24% used [0x00000000a0000000,0x00000000a21d4ec0,0x00000000a8980000)
 Metaspace       used 57405K, capacity 59146K, committed 59160K, reserved 1099776K
  class space    used 7776K, capacity 8219K, committed 8232K, reserved 1048576K
}
Event: 10.944 GC heap before
{Heap before GC invocations=15 (full 3):
 PSYoungGen      total 203776K, used 181248K [0x00000000e0000000, 0x00000000f2580000, 0x0000000100000000)
  eden space 181248K, 100% used [0x00000000e0000000,0x00000000eb100000,0x00000000eb100000)
  from space 22528K, 0% used [0x00000000eb100000,0x00000000eb100000,0x00000000ec700000)
  to   space 23040K, 0% used [0x00000000f0f00000,0x00000000f0f00000,0x00000000f2580000)
 ParOldGen       total 140800K, used 34643K [0x00000000a0000000, 0x00000000a8980000, 0x00000000e0000000)
  object space 140800K, 24% used [0x00000000a0000000,0x00000000a21d4ec0,0x00000000a8980000)
 Metaspace       used 61551K, capacity 63466K, committed 63768K, reserved 1103872K
  class space    used 8435K, capacity 8937K, committed 9000K, reserved 1048576K
Event: 10.961 GC heap after
Heap after GC invocations=15 (full 3):
 PSYoungGen      total 254464K, used 16894K [0x00000000e0000000, 0x00000000f1f80000, 0x0000000100000000)
  eden space 237568K, 0% used [0x00000000e0000000,0x00000000e0000000,0x00000000ee800000)
  from space 16896K, 99% used [0x00000000f0f00000,0x00000000f1f7fa60,0x00000000f1f80000)
  to   space 24064K, 0% used [0x00000000ef080000,0x00000000ef080000,0x00000000f0800000)
 ParOldGen       total 140800K, used 34651K [0x00000000a0000000, 0x00000000a8980000, 0x00000000e0000000)
  object space 140800K, 24% used [0x00000000a0000000,0x00000000a21d6ec0,0x00000000a8980000)
 Metaspace       used 61551K, capacity 63466K, committed 63768K, reserved 1103872K
  class space    used 8435K, capacity 8937K, committed 9000K, reserved 1048576K
}
Event: 13.364 GC heap before
{Heap before GC invocations=16 (full 3):
 PSYoungGen      total 254464K, used 254462K [0x00000000e0000000, 0x00000000f1f80000, 0x0000000100000000)
  eden space 237568K, 100% used [0x00000000e0000000,0x00000000ee800000,0x00000000ee800000)
  from space 16896K, 99% used [0x00000000f0f00000,0x00000000f1f7fa60,0x00000000f1f80000)
  to   space 24064K, 0% used [0x00000000ef080000,0x00000000ef080000,0x00000000f0800000)
 ParOldGen       total 140800K, used 34651K [0x00000000a0000000, 0x00000000a8980000, 0x00000000e0000000)
  object space 140800K, 24% used [0x00000000a0000000,0x00000000a21d6ec0,0x00000000a8980000)
 Metaspace       used 65695K, capacity 68288K, committed 68504K, reserved 1107968K
  class space    used 8911K, capacity 9518K, committed 9640K, reserved 1048576K
Event: 13.412 GC heap after
Heap after GC invocations=16 (full 3):
 PSYoungGen      total 270336K, used 24048K [0x00000000e0000000, 0x00000000f7000000, 0x0000000100000000)
  eden space 246272K, 0% used [0x00000000e0000000,0x00000000e0000000,0x00000000ef080000)
  from space 24064K, 99% used [0x00000000ef080000,0x00000000f07fc138,0x00000000f0800000)
  to   space 34816K, 0% used [0x00000000f4e00000,0x00000000f4e00000,0x00000000f7000000)
 ParOldGen       total 140800K, used 52940K [0x00000000a0000000, 0x00000000a8980000, 0x00000000e0000000)
  object space 140800K, 37% used [0x00000000a0000000,0x00000000a33b3018,0x00000000a8980000)
 Metaspace       used 65695K, capacity 68288K, committed 68504K, reserved 1107968K
  class space    used 8911K, capacity 9518K, committed 9640K, reserved 1048576K
}
Event: 18.344 GC heap before
{Heap before GC invocations=17 (full 3):
 PSYoungGen      total 270336K, used 270320K [0x00000000e0000000, 0x00000000f7000000, 0x0000000100000000)
  eden space 246272K, 100% used [0x00000000e0000000,0x00000000ef080000,0x00000000ef080000)
  from space 24064K, 99% used [0x00000000ef080000,0x00000000f07fc138,0x00000000f0800000)
  to   space 34816K, 0% used [0x00000000f4e00000,0x00000000f4e00000,0x00000000f7000000)
 ParOldGen       total 140800K, used 52940K [0x00000000a0000000, 0x00000000a8980000, 0x00000000e0000000)
  object space 140800K, 37% used [0x00000000a0000000,0x00000000a33b3018,0x00000000a8980000)
 Metaspace       used 68500K, capacity 71282K, committed 71320K, reserved 1110016K
  class space    used 9251K, capacity 9894K, committed 9896K, reserved 1048576K
Event: 18.379 GC heap after
Heap after GC invocations=17 (full 3):
 PSYoungGen      total 340992K, used 22639K [0x00000000e0000000, 0x00000000f7500000, 0x0000000100000000)
  eden space 306176K, 0% used [0x00000000e0000000,0x00000000e0000000,0x00000000f2b00000)
  from space 34816K, 65% used [0x00000000f4e00000,0x00000000f641bd38,0x00000000f7000000)
  to   space 35840K, 0% used [0x00000000f2b00000,0x00000000f2b00000,0x00000000f4e00000)
 ParOldGen       total 140800K, used 74522K [0x00000000a0000000, 0x00000000a8980000, 0x00000000e0000000)
  object space 140800K, 52% used [0x00000000a0000000,0x00000000a48c68c0,0x00000000a8980000)
 Metaspace       used 68500K, capacity 71282K, committed 71320K, reserved 1110016K
  class space    used 9251K, capacity 9894K, committed 9896K, reserved 1048576K
}
Event: 2772.624 GC heap before
{Heap before GC invocations=18 (full 3):
 PSYoungGen      total 340992K, used 328815K [0x00000000e0000000, 0x00000000f7500000, 0x0000000100000000)
  eden space 306176K, 100% used [0x00000000e0000000,0x00000000f2b00000,0x00000000f2b00000)
  from space 34816K, 65% used [0x00000000f4e00000,0x00000000f641bd38,0x00000000f7000000)
  to   space 35840K, 0% used [0x00000000f2b00000,0x00000000f2b00000,0x00000000f4e00000)
 ParOldGen       total 140800K, used 74522K [0x00000000a0000000, 0x00000000a8980000, 0x00000000e0000000)
  object space 140800K, 52% used [0x00000000a0000000,0x00000000a48c68c0,0x00000000a8980000)
 Metaspace       used 76520K, capacity 79684K, committed 80024K, reserved 1118208K
  class space    used 10147K, capacity 10873K, committed 10920K, reserved 1048576K
Event: 2772.831 GC heap after
Heap after GC invocations=18 (full 3):
 PSYoungGen      total 342016K, used 25772K [0x00000000e0000000, 0x00000000fb680000, 0x0000000100000000)
  eden space 306176K, 0% used [0x00000000e0000000,0x00000000e0000000,0x00000000f2b00000)
  from space 35840K, 71% used [0x00000000f2b00000,0x00000000f442b3b8,0x00000000f4e00000)
  to   space 37888K, 0% used [0x00000000f9180000,0x00000000f9180000,0x00000000fb680000)
 ParOldGen       total 140800K, used 74530K [0x00000000a0000000, 0x00000000a8980000, 0x00000000e0000000)
  object space 140800K, 52% used [0x00000000a0000000,0x00000000a48c88c0,0x00000000a8980000)
 Metaspace       used 76520K, capacity 79684K, committed 80024K, reserved 1118208K
  class space    used 10147K, capacity 10873K, committed 10920K, reserved 1048576K
}

