# JRE version: OpenJDK Runtime Environment (8.0_202-b03) (build 1.8.0_202-release-1483-b03)
# Java VM: OpenJDK 64-Bit Server VM (25.202-b03 mixed mode windows-amd64 compressed oops)
Heap:
 PSYoungGen      total 140800K, used 24554K [0x00000000d6f80000, 0x00000000e4580000, 0x0000000100000000)
  eden space 123904K, 6% used [0x00000000d6f80000,0x00000000d7700c60,0x00000000de880000)
  from space 16896K, 99% used [0x00000000e0080000,0x00000000e10f9de8,0x00000000e1100000)
  to   space 24576K, 0% used [0x00000000de880000,0x00000000de880000,0x00000000e0080000)
 ParOldGen       total 115712K, used 32927K [0x0000000084e00000, 0x000000008bf00000, 0x00000000d6f80000)
  object space 115712K, 28% used [0x0000000084e00000,0x0000000086e27c00,0x000000008bf00000)
 Metaspace       used 43811K, capacity 44631K, committed 44976K, reserved 1089536K
  class space    used 5286K, capacity 5490K, committed 5552K, reserved 1048576K
GC Heap History (10 events):
Event: 1.312 GC heap before
{Heap before GC invocations=4 (full 1):
 PSYoungGen      total 68608K, used 5094K [0x00000000d6f80000, 0x00000000df580000, 0x0000000100000000)
  eden space 63488K, 0% used [0x00000000d6f80000,0x00000000d6f80000,0x00000000dad80000)
  from space 5120K, 99% used [0x00000000dad80000,0x00000000db279b08,0x00000000db280000)
  to   space 5120K, 0% used [0x00000000df080000,0x00000000df080000,0x00000000df580000)
 ParOldGen       total 84992K, used 11740K [0x0000000084e00000, 0x000000008a100000, 0x00000000d6f80000)
  object space 84992K, 13% used [0x0000000084e00000,0x0000000085977398,0x000000008a100000)
 Metaspace       used 20727K, capacity 21150K, committed 21296K, reserved 1069056K
  class space    used 2460K, capacity 2589K, committed 2608K, reserved 1048576K
Event: 1.343 GC heap after
Heap after GC invocations=4 (full 1):
 PSYoungGen      total 68608K, used 0K [0x00000000d6f80000, 0x00000000df580000, 0x0000000100000000)
  eden space 63488K, 0% used [0x00000000d6f80000,0x00000000d6f80000,0x00000000dad80000)
  from space 5120K, 0% used [0x00000000dad80000,0x00000000dad80000,0x00000000db280000)
  to   space 5120K, 0% used [0x00000000df080000,0x00000000df080000,0x00000000df580000)
 ParOldGen       total 64512K, used 9409K [0x0000000084e00000, 0x0000000088d00000, 0x00000000d6f80000)
  object space 64512K, 14% used [0x0000000084e00000,0x0000000085730650,0x0000000088d00000)
 Metaspace       used 20727K, capacity 21150K, committed 21296K, reserved 1069056K
  class space    used 2460K, capacity 2589K, committed 2608K, reserved 1048576K
}
Event: 2.265 GC heap before
{Heap before GC invocations=5 (full 1):
 PSYoungGen      total 68608K, used 63488K [0x00000000d6f80000, 0x00000000df580000, 0x0000000100000000)
  eden space 63488K, 100% used [0x00000000d6f80000,0x00000000dad80000,0x00000000dad80000)
  from space 5120K, 0% used [0x00000000dad80000,0x00000000dad80000,0x00000000db280000)
  to   space 5120K, 0% used [0x00000000df080000,0x00000000df080000,0x00000000df580000)
 ParOldGen       total 64512K, used 9409K [0x0000000084e00000, 0x0000000088d00000, 0x00000000d6f80000)
  object space 64512K, 14% used [0x0000000084e00000,0x0000000085730650,0x0000000088d00000)
 Metaspace       used 28942K, capacity 29399K, committed 29872K, reserved 1075200K
  class space    used 3499K, capacity 3634K, committed 3760K, reserved 1048576K
Event: 2.278 GC heap after
Heap after GC invocations=5 (full 1):
 PSYoungGen      total 97280K, used 5090K [0x00000000d6f80000, 0x00000000df580000, 0x0000000100000000)
  eden space 92160K, 0% used [0x00000000d6f80000,0x00000000d6f80000,0x00000000dc980000)
  from space 5120K, 99% used [0x00000000df080000,0x00000000df578918,0x00000000df580000)
  to   space 5120K, 0% used [0x00000000deb80000,0x00000000deb80000,0x00000000df080000)
 ParOldGen       total 64512K, used 19685K [0x0000000084e00000, 0x0000000088d00000, 0x00000000d6f80000)
  object space 64512K, 30% used [0x0000000084e00000,0x00000000861396c8,0x0000000088d00000)
 Metaspace       used 28942K, capacity 29399K, committed 29872K, reserved 1075200K
  class space    used 3499K, capacity 3634K, committed 3760K, reserved 1048576K
}
Event: 2.887 GC heap before
{Heap before GC invocations=6 (full 1):
 PSYoungGen      total 97280K, used 38655K [0x00000000d6f80000, 0x00000000df580000, 0x0000000100000000)
  eden space 92160K, 36% used [0x00000000d6f80000,0x00000000d9047448,0x00000000dc980000)
  from space 5120K, 99% used [0x00000000df080000,0x00000000df578918,0x00000000df580000)
  to   space 5120K, 0% used [0x00000000deb80000,0x00000000deb80000,0x00000000df080000)
 ParOldGen       total 64512K, used 19685K [0x0000000084e00000, 0x0000000088d00000, 0x00000000d6f80000)
  object space 64512K, 30% used [0x0000000084e00000,0x00000000861396c8,0x0000000088d00000)
 Metaspace       used 34740K, capacity 35227K, committed 35496K, reserved 1081344K
  class space    used 4402K, capacity 4582K, committed 4656K, reserved 1048576K
Event: 2.896 GC heap after
Heap after GC invocations=6 (full 1):
 PSYoungGen      total 132096K, used 5099K [0x00000000d6f80000, 0x00000000e1100000, 0x0000000100000000)
  eden space 126976K, 0% used [0x00000000d6f80000,0x00000000d6f80000,0x00000000deb80000)
  from space 5120K, 99% used [0x00000000deb80000,0x00000000df07add8,0x00000000df080000)
  to   space 16896K, 0% used [0x00000000e0080000,0x00000000e0080000,0x00000000e1100000)
 ParOldGen       total 64512K, used 28228K [0x0000000084e00000, 0x0000000088d00000, 0x00000000d6f80000)
  object space 64512K, 43% used [0x0000000084e00000,0x00000000869913e0,0x0000000088d00000)
 Metaspace       used 34740K, capacity 35227K, committed 35496K, reserved 1081344K
  class space    used 4402K, capacity 4582K, committed 4656K, reserved 1048576K
}
Event: 2.896 GC heap before
{Heap before GC invocations=7 (full 2):
 PSYoungGen      total 132096K, used 5099K [0x00000000d6f80000, 0x00000000e1100000, 0x0000000100000000)
  eden space 126976K, 0% used [0x00000000d6f80000,0x00000000d6f80000,0x00000000deb80000)
  from space 5120K, 99% used [0x00000000deb80000,0x00000000df07add8,0x00000000df080000)
  to   space 16896K, 0% used [0x00000000e0080000,0x00000000e0080000,0x00000000e1100000)
 ParOldGen       total 64512K, used 28228K [0x0000000084e00000, 0x0000000088d00000, 0x00000000d6f80000)
  object space 64512K, 43% used [0x0000000084e00000,0x00000000869913e0,0x0000000088d00000)
 Metaspace       used 34740K, capacity 35227K, committed 35496K, reserved 1081344K
  class space    used 4402K, capacity 4582K, committed 4656K, reserved 1048576K
Event: 2.959 GC heap after
Heap after GC invocations=7 (full 2):
 PSYoungGen      total 132096K, used 0K [0x00000000d6f80000, 0x00000000e1100000, 0x0000000100000000)
  eden space 126976K, 0% used [0x00000000d6f80000,0x00000000d6f80000,0x00000000deb80000)
  from space 5120K, 0% used [0x00000000deb80000,0x00000000deb80000,0x00000000df080000)
  to   space 16896K, 0% used [0x00000000e0080000,0x00000000e0080000,0x00000000e1100000)
 ParOldGen       total 115712K, used 22863K [0x0000000084e00000, 0x000000008bf00000, 0x00000000d6f80000)
  object space 115712K, 19% used [0x0000000084e00000,0x0000000086453e60,0x000000008bf00000)
 Metaspace       used 34740K, capacity 35227K, committed 35496K, reserved 1081344K
  class space    used 4402K, capacity 4582K, committed 4656K, reserved 1048576K
}
Event: 5.141 GC heap before
{Heap before GC invocations=8 (full 2):
 PSYoungGen      total 132096K, used 126976K [0x00000000d6f80000, 0x00000000e1100000, 0x0000000100000000)
  eden space 126976K, 100% used [0x00000000d6f80000,0x00000000deb80000,0x00000000deb80000)
  from space 5120K, 0% used [0x00000000deb80000,0x00000000deb80000,0x00000000df080000)
  to   space 16896K, 0% used [0x00000000e0080000,0x00000000e0080000,0x00000000e1100000)
 ParOldGen       total 115712K, used 22863K [0x0000000084e00000, 0x000000008bf00000, 0x00000000d6f80000)
  object space 115712K, 19% used [0x0000000084e00000,0x0000000086453e60,0x000000008bf00000)
 Metaspace       used 43699K, capacity 44435K, committed 44720K, reserved 1089536K
  class space    used 5285K, capacity 5490K, committed 5552K, reserved 1048576K
Event: 5.168 GC heap after
Heap after GC invocations=8 (full 2):
 PSYoungGen      total 140800K, used 16871K [0x00000000d6f80000, 0x00000000e4580000, 0x0000000100000000)
  eden space 123904K, 0% used [0x00000000d6f80000,0x00000000d6f80000,0x00000000de880000)
  from space 16896K, 99% used [0x00000000e0080000,0x00000000e10f9de8,0x00000000e1100000)
  to   space 24576K, 0% used [0x00000000de880000,0x00000000de880000,0x00000000e0080000)
 ParOldGen       total 115712K, used 32927K [0x0000000084e00000, 0x000000008bf00000, 0x00000000d6f80000)
  object space 115712K, 28% used [0x0000000084e00000,0x0000000086e27c00,0x000000008bf00000)
 Metaspace       used 43699K, capacity 44435K, committed 44720K, reserved 1089536K
  class space    used 5285K, capacity 5490K, committed 5552K, reserved 1048576K
}

